Analysis & Synthesis report for Placar
Wed May 04 12:27:02 2022
Quartus Prime Version 18.1.0 Build 625 09/12/2018 SJ Lite Edition


---------------------
; Table of Contents ;
---------------------
  1. Legal Notice
  2. Analysis & Synthesis Summary
  3. Analysis & Synthesis Settings
  4. Parallel Compilation
  5. Analysis & Synthesis Source Files Read
  6. Analysis & Synthesis Resource Usage Summary
  7. Analysis & Synthesis Resource Utilization by Entity
  8. General Register Statistics
  9. Inverted Register Statistics
 10. Port Connectivity Checks: "mux16pra4:escolherDisplay"
 11. Port Connectivity Checks: "conversorBinarioBcd:bin_bcd"
 12. Port Connectivity Checks: "clockDivider:divisorDeClock"
 13. Port Connectivity Checks: "clockDivider50mhzTo1hz:clock1hzz"
 14. Analysis & Synthesis Messages



----------------
; Legal Notice ;
----------------
Copyright (C) 2018  Intel Corporation. All rights reserved.
Your use of Intel Corporation's design tools, logic functions 
and other software and tools, and its AMPP partner logic 
functions, and any output files from any of the foregoing 
(including device programming or simulation files), and any 
associated documentation or information are expressly subject 
to the terms and conditions of the Intel Program License 
Subscription Agreement, the Intel Quartus Prime License Agreement,
the Intel FPGA IP License Agreement, or other applicable license
agreement, including, without limitation, that your use is for
the sole purpose of programming logic devices manufactured by
Intel and sold by Intel or its authorized distributors.  Please
refer to the applicable agreement for further details.



+---------------------------------------------------------------------------+
; Analysis & Synthesis Summary                                              ;
+-----------------------------+---------------------------------------------+
; Analysis & Synthesis Status ; Successful - Wed May 04 12:27:02 2022       ;
; Quartus Prime Version       ; 18.1.0 Build 625 09/12/2018 SJ Lite Edition ;
; Revision Name               ; Placar                                      ;
; Top-level Entity Name       ; cronometroTeste                             ;
; Family                      ; MAX II                                      ;
; Total logic elements        ; 55                                          ;
; Total pins                  ; 13                                          ;
; Total virtual pins          ; 0                                           ;
; UFM blocks                  ; 0 / 1 ( 0 % )                               ;
+-----------------------------+---------------------------------------------+


+------------------------------------------------------------------------------------------------------------+
; Analysis & Synthesis Settings                                                                              ;
+------------------------------------------------------------------+--------------------+--------------------+
; Option                                                           ; Setting            ; Default Value      ;
+------------------------------------------------------------------+--------------------+--------------------+
; Device                                                           ; EPM240T100C5       ;                    ;
; Top-level entity name                                            ; cronometroTeste    ; Placar             ;
; Family name                                                      ; MAX II             ; Cyclone V          ;
; Use smart compilation                                            ; Off                ; Off                ;
; Enable parallel Assembler and Timing Analyzer during compilation ; On                 ; On                 ;
; Enable compact report table                                      ; Off                ; Off                ;
; Restructure Multiplexers                                         ; Auto               ; Auto               ;
; Create Debugging Nodes for IP Cores                              ; Off                ; Off                ;
; Preserve fewer node names                                        ; On                 ; On                 ;
; Intel FPGA IP Evaluation Mode                                    ; Enable             ; Enable             ;
; Verilog Version                                                  ; Verilog_2001       ; Verilog_2001       ;
; VHDL Version                                                     ; VHDL_1993          ; VHDL_1993          ;
; State Machine Processing                                         ; Auto               ; Auto               ;
; Safe State Machine                                               ; Off                ; Off                ;
; Extract Verilog State Machines                                   ; On                 ; On                 ;
; Extract VHDL State Machines                                      ; On                 ; On                 ;
; Ignore Verilog initial constructs                                ; Off                ; Off                ;
; Iteration limit for constant Verilog loops                       ; 5000               ; 5000               ;
; Iteration limit for non-constant Verilog loops                   ; 250                ; 250                ;
; Add Pass-Through Logic to Inferred RAMs                          ; On                 ; On                 ;
; Infer RAMs from Raw Logic                                        ; On                 ; On                 ;
; Parallel Synthesis                                               ; On                 ; On                 ;
; NOT Gate Push-Back                                               ; On                 ; On                 ;
; Power-Up Don't Care                                              ; On                 ; On                 ;
; Remove Redundant Logic Cells                                     ; Off                ; Off                ;
; Remove Duplicate Registers                                       ; On                 ; On                 ;
; Ignore CARRY Buffers                                             ; Off                ; Off                ;
; Ignore CASCADE Buffers                                           ; Off                ; Off                ;
; Ignore GLOBAL Buffers                                            ; Off                ; Off                ;
; Ignore ROW GLOBAL Buffers                                        ; Off                ; Off                ;
; Ignore LCELL Buffers                                             ; Off                ; Off                ;
; Ignore SOFT Buffers                                              ; On                 ; On                 ;
; Limit AHDL Integers to 32 Bits                                   ; Off                ; Off                ;
; Optimization Technique                                           ; Balanced           ; Balanced           ;
; Carry Chain Length                                               ; 70                 ; 70                 ;
; Auto Carry Chains                                                ; On                 ; On                 ;
; Auto Open-Drain Pins                                             ; On                 ; On                 ;
; Perform WYSIWYG Primitive Resynthesis                            ; Off                ; Off                ;
; Auto Shift Register Replacement                                  ; Auto               ; Auto               ;
; Allow Shift Register Merging across Hierarchies                  ; Auto               ; Auto               ;
; Auto Clock Enable Replacement                                    ; On                 ; On                 ;
; Allow Synchronous Control Signals                                ; On                 ; On                 ;
; Force Use of Synchronous Clear Signals                           ; Off                ; Off                ;
; Auto Resource Sharing                                            ; Off                ; Off                ;
; Use LogicLock Constraints during Resource Balancing              ; On                 ; On                 ;
; Ignore translate_off and synthesis_off directives                ; Off                ; Off                ;
; Report Parameter Settings                                        ; On                 ; On                 ;
; Report Source Assignments                                        ; On                 ; On                 ;
; Report Connectivity Checks                                       ; On                 ; On                 ;
; Ignore Maximum Fan-Out Assignments                               ; Off                ; Off                ;
; Synchronization Register Chain Length                            ; 2                  ; 2                  ;
; Power Optimization During Synthesis                              ; Normal compilation ; Normal compilation ;
; HDL message level                                                ; Level2             ; Level2             ;
; Suppress Register Optimization Related Messages                  ; Off                ; Off                ;
; Number of Removed Registers Reported in Synthesis Report         ; 5000               ; 5000               ;
; Number of Swept Nodes Reported in Synthesis Report               ; 5000               ; 5000               ;
; Number of Inverted Registers Reported in Synthesis Report        ; 100                ; 100                ;
; Clock MUX Protection                                             ; On                 ; On                 ;
; Block Design Naming                                              ; Auto               ; Auto               ;
; Synthesis Effort                                                 ; Auto               ; Auto               ;
; Shift Register Replacement - Allow Asynchronous Clear Signal     ; On                 ; On                 ;
; Analysis & Synthesis Message Level                               ; Medium             ; Medium             ;
; Disable Register Merging Across Hierarchies                      ; Auto               ; Auto               ;
+------------------------------------------------------------------+--------------------+--------------------+


+------------------------------------------+
; Parallel Compilation                     ;
+----------------------------+-------------+
; Processors                 ; Number      ;
+----------------------------+-------------+
; Number detected on machine ; 8           ;
; Maximum allowed            ; 4           ;
;                            ;             ;
; Average used               ; 1.00        ;
; Maximum used               ; 1           ;
;                            ;             ;
; Usage by Processor         ; % Time Used ;
;     Processor 1            ; 100.0%      ;
+----------------------------+-------------+


+-----------------------------------------------------------------------------------------------------------------------------------------------------------------------------------------------+
; Analysis & Synthesis Source Files Read                                                                                                                                                        ;
+----------------------------------+-----------------+------------------------+-------------------------------------------------------------------------------------------------------+---------+
; File Name with User-Entered Path ; Used in Netlist ; File Type              ; File Name with Absolute Path                                                                          ; Library ;
+----------------------------------+-----------------+------------------------+-------------------------------------------------------------------------------------------------------+---------+
; conversorBinarioBcd.v            ; yes             ; User Verilog HDL File  ; C:/Users/silas/Documents/Quartus/Circuitos_Digitais_PlacarJogoBasquete_PBL01/conversorBinarioBcd.v    ;         ;
; mux8pra4.v                       ; yes             ; User Verilog HDL File  ; C:/Users/silas/Documents/Quartus/Circuitos_Digitais_PlacarJogoBasquete_PBL01/mux8pra4.v               ;         ;
; decod7segs.v                     ; yes             ; User Verilog HDL File  ; C:/Users/silas/Documents/Quartus/Circuitos_Digitais_PlacarJogoBasquete_PBL01/decod7segs.v             ;         ;
; mux16pra4.v                      ; yes             ; User Verilog HDL File  ; C:/Users/silas/Documents/Quartus/Circuitos_Digitais_PlacarJogoBasquete_PBL01/mux16pra4.v              ;         ;
; clockDivider.v                   ; yes             ; User Verilog HDL File  ; C:/Users/silas/Documents/Quartus/Circuitos_Digitais_PlacarJogoBasquete_PBL01/clockDivider.v           ;         ;
; cronometroRegressivo.v           ; yes             ; User Verilog HDL File  ; C:/Users/silas/Documents/Quartus/Circuitos_Digitais_PlacarJogoBasquete_PBL01/cronometroRegressivo.v   ;         ;
; clockDivider50mhzTo1hz.v         ; yes             ; User Verilog HDL File  ; C:/Users/silas/Documents/Quartus/Circuitos_Digitais_PlacarJogoBasquete_PBL01/clockDivider50mhzTo1hz.v ;         ;
; cronometroTeste.v                ; yes             ; User Verilog HDL File  ; C:/Users/silas/Documents/Quartus/Circuitos_Digitais_PlacarJogoBasquete_PBL01/cronometroTeste.v        ;         ;
+----------------------------------+-----------------+------------------------+-------------------------------------------------------------------------------------------------------+---------+


+-----------------------------------------------------+
; Analysis & Synthesis Resource Usage Summary         ;
+---------------------------------------------+-------+
; Resource                                    ; Usage ;
+---------------------------------------------+-------+
; Total logic elements                        ; 55    ;
;     -- Combinational with no register       ; 23    ;
;     -- Register only                        ; 0     ;
;     -- Combinational with a register        ; 32    ;
;                                             ;       ;
; Logic element usage by number of LUT inputs ;       ;
;     -- 4 input functions                    ; 15    ;
;     -- 3 input functions                    ; 1     ;
;     -- 2 input functions                    ; 37    ;
;     -- 1 input functions                    ; 2     ;
;     -- 0 input functions                    ; 0     ;
;                                             ;       ;
; Logic elements by mode                      ;       ;
;     -- normal mode                          ; 26    ;
;     -- arithmetic mode                      ; 29    ;
;     -- qfbk mode                            ; 0     ;
;     -- register cascade mode                ; 0     ;
;     -- synchronous clear/load mode          ; 0     ;
;     -- asynchronous clear/load mode         ; 0     ;
;                                             ;       ;
; Total registers                             ; 32    ;
; Total logic cells in carry chains           ; 31    ;
; I/O pins                                    ; 13    ;
; Maximum fan-out node                        ; clock ;
; Maximum fan-out                             ; 26    ;
; Total fan-out                               ; 181   ;
; Average fan-out                             ; 2.66  ;
+---------------------------------------------+-------+


+------------------------------------------------------------------------------------------------------------------------------------------------------------------------------------------------------------------------------------------------------------------------------------+
; Analysis & Synthesis Resource Utilization by Entity                                                                                                                                                                                                                                ;
+--------------------------------------+-------------+--------------+------------+------+--------------+--------------+-------------------+------------------+-----------------+------------+--------------------------------------------------+----------------------+--------------+
; Compilation Hierarchy Node           ; Logic Cells ; LC Registers ; UFM Blocks ; Pins ; Virtual Pins ; LUT-Only LCs ; Register-Only LCs ; LUT/Register LCs ; Carry Chain LCs ; Packed LCs ; Full Hierarchy Name                              ; Entity Name          ; Library Name ;
+--------------------------------------+-------------+--------------+------------+------+--------------+--------------+-------------------+------------------+-----------------+------------+--------------------------------------------------+----------------------+--------------+
; |cronometroTeste                     ; 55 (0)      ; 32           ; 0          ; 13   ; 0            ; 23 (0)       ; 0 (0)             ; 32 (0)           ; 31 (0)          ; 0 (0)      ; |cronometroTeste                                 ; cronometroTeste      ; work         ;
;    |clockDivider:divisorDeClock|     ; 26 (26)     ; 26           ; 0          ; 0    ; 0            ; 0 (0)        ; 0 (0)             ; 26 (26)          ; 26 (26)         ; 0 (0)      ; |cronometroTeste|clockDivider:divisorDeClock     ; clockDivider         ; work         ;
;    |conversorBinarioBcd:bin_bcd|     ; 6 (6)       ; 0            ; 0          ; 0    ; 0            ; 6 (6)        ; 0 (0)             ; 0 (0)            ; 0 (0)           ; 0 (0)      ; |cronometroTeste|conversorBinarioBcd:bin_bcd     ; conversorBinarioBcd  ; work         ;
;    |cronometroRegressivo:Cronometro| ; 13 (13)     ; 6            ; 0          ; 0    ; 0            ; 7 (7)        ; 0 (0)             ; 6 (6)            ; 5 (5)           ; 0 (0)      ; |cronometroTeste|cronometroRegressivo:Cronometro ; cronometroRegressivo ; work         ;
;    |decod7segs:decodificador7segs|   ; 8 (8)       ; 0            ; 0          ; 0    ; 0            ; 8 (8)        ; 0 (0)             ; 0 (0)            ; 0 (0)           ; 0 (0)      ; |cronometroTeste|decod7segs:decodificador7segs   ; decod7segs           ; work         ;
;    |mux8pra4:digitoMostrarDisplay|   ; 2 (2)       ; 0            ; 0          ; 0    ; 0            ; 2 (2)        ; 0 (0)             ; 0 (0)            ; 0 (0)           ; 0 (0)      ; |cronometroTeste|mux8pra4:digitoMostrarDisplay   ; mux8pra4             ; work         ;
+--------------------------------------+-------------+--------------+------------+------+--------------+--------------+-------------------+------------------+-----------------+------------+--------------------------------------------------+----------------------+--------------+
Note: For table entries with two numbers listed, the numbers in parentheses indicate the number of resources of the given type used by the specific entity alone. The numbers listed outside of parentheses indicate the total resources of the given type used by the specific entity and all of its sub-entities in the hierarchy.


+------------------------------------------------------+
; General Register Statistics                          ;
+----------------------------------------------+-------+
; Statistic                                    ; Value ;
+----------------------------------------------+-------+
; Total registers                              ; 32    ;
; Number of registers using Synchronous Clear  ; 0     ;
; Number of registers using Synchronous Load   ; 0     ;
; Number of registers using Asynchronous Clear ; 0     ;
; Number of registers using Asynchronous Load  ; 0     ;
; Number of registers using Clock Enable       ; 0     ;
; Number of registers using Preset             ; 0     ;
+----------------------------------------------+-------+


+------------------------------------------------------+
; Inverted Register Statistics                         ;
+--------------------------------------------+---------+
; Inverted Register                          ; Fan out ;
+--------------------------------------------+---------+
; cronometroRegressivo:Cronometro|counter[3] ; 7       ;
; cronometroRegressivo:Cronometro|counter[4] ; 10      ;
; Total number of inverted registers = 2     ;         ;
+--------------------------------------------+---------+


+-------------------------------------------------------+
; Port Connectivity Checks: "mux16pra4:escolherDisplay" ;
+-------------+-------+----------+----------------------+
; Port        ; Type  ; Severity ; Details              ;
+-------------+-------+----------+----------------------+
; seletorTime ; Input ; Info     ; Stuck at GND         ;
+-------------+-------+----------+----------------------+


+--------------------------------------------------------------------------------------------------------------------------------------------------------------------------+
; Port Connectivity Checks: "conversorBinarioBcd:bin_bcd"                                                                                                                  ;
+----------+--------+----------+-------------------------------------------------------------------------------------------------------------------------------------------+
; Port     ; Type   ; Severity ; Details                                                                                                                                   ;
+----------+--------+----------+-------------------------------------------------------------------------------------------------------------------------------------------+
; A        ; Input  ; Warning  ; Input port expression (5 bits) is smaller than the input port (7 bits) it drives.  Extra input bit(s) "A[6..5]" will be connected to GND. ;
; Passou99 ; Output ; Info     ; Connected to dangling logic. Logic that only feeds a dangling port will be removed.                                                       ;
+----------+--------+----------+-------------------------------------------------------------------------------------------------------------------------------------------+


+------------------------------------------------------------------------------------------------------------------------------------------------------------------------+
; Port Connectivity Checks: "clockDivider:divisorDeClock"                                                                                                                ;
+-------------------+--------+----------+--------------------------------------------------------------------------------------------------------------------------------+
; Port              ; Type   ; Severity ; Details                                                                                                                        ;
+-------------------+--------+----------+--------------------------------------------------------------------------------------------------------------------------------+
; frequencias       ; Output ; Warning  ; Output or bidir port (5 bits) is wider than the port expression (4 bits) it drives; bit(s) "frequencias[4..4]" have no fanouts ;
; frequencias[2..1] ; Output ; Info     ; Connected to dangling logic. Logic that only feeds a dangling port will be removed.                                            ;
+-------------------+--------+----------+--------------------------------------------------------------------------------------------------------------------------------+


+---------------------------------------------------------------------------------------------------------------------+
; Port Connectivity Checks: "clockDivider50mhzTo1hz:clock1hzz"                                                        ;
+-----------+--------+----------+-------------------------------------------------------------------------------------+
; Port      ; Type   ; Severity ; Details                                                                             ;
+-----------+--------+----------+-------------------------------------------------------------------------------------+
; clock_out ; Output ; Info     ; Connected to dangling logic. Logic that only feeds a dangling port will be removed. ;
+-----------+--------+----------+-------------------------------------------------------------------------------------+


+-------------------------------+
; Analysis & Synthesis Messages ;
+-------------------------------+
Info: *******************************************************************
Info: Running Quartus Prime Analysis & Synthesis
    Info: Version 18.1.0 Build 625 09/12/2018 SJ Lite Edition
    Info: Processing started: Wed May 04 12:26:51 2022
Info: Command: quartus_map --read_settings_files=on --write_settings_files=off Placar -c Placar
Warning (18236): Number of processors has not been specified which may cause overloading on shared machines.  Set the global assignment NUM_PARALLEL_PROCESSORS in your QSF to an appropriate value for best performance.
Info (20030): Parallel compilation is enabled and will use 4 of the 4 processors detected
Info (12021): Found 1 design units, including 1 entities, in source file somador1bt.v
    Info (12023): Found entity 1: somador1bt File: C:/Users/silas/Documents/Quartus/Circuitos_Digitais_PlacarJogoBasquete_PBL01/somador1bt.v Line: 1
Info (12021): Found 1 design units, including 1 entities, in source file btnsentrada.v
    Info (12023): Found entity 1: btnsEntrada File: C:/Users/silas/Documents/Quartus/Circuitos_Digitais_PlacarJogoBasquete_PBL01/btnsEntrada.v Line: 1
Info (12021): Found 1 design units, including 1 entities, in source file somadorsubtrator7bts.v
    Info (12023): Found entity 1: somadorSubtrator7bts File: C:/Users/silas/Documents/Quartus/Circuitos_Digitais_PlacarJogoBasquete_PBL01/somadorSubtrator7bts.v Line: 1
Info (12021): Found 1 design units, including 1 entities, in source file comparadordemagnitude.v
    Info (12023): Found entity 1: comparadorDeMagnitude File: C:/Users/silas/Documents/Quartus/Circuitos_Digitais_PlacarJogoBasquete_PBL01/comparadorDeMagnitude.v Line: 1
Info (12021): Found 1 design units, including 1 entities, in source file conversorbinariobcd.v
    Info (12023): Found entity 1: conversorBinarioBcd File: C:/Users/silas/Documents/Quartus/Circuitos_Digitais_PlacarJogoBasquete_PBL01/conversorBinarioBcd.v Line: 1
Info (12021): Found 1 design units, including 1 entities, in source file mux8pra4.v
    Info (12023): Found entity 1: mux8pra4 File: C:/Users/silas/Documents/Quartus/Circuitos_Digitais_PlacarJogoBasquete_PBL01/mux8pra4.v Line: 1
Info (12021): Found 1 design units, including 1 entities, in source file decod7segs.v
    Info (12023): Found entity 1: decod7segs File: C:/Users/silas/Documents/Quartus/Circuitos_Digitais_PlacarJogoBasquete_PBL01/decod7segs.v Line: 1
Info (12021): Found 1 design units, including 1 entities, in source file mux16pra4.v
    Info (12023): Found entity 1: mux16pra4 File: C:/Users/silas/Documents/Quartus/Circuitos_Digitais_PlacarJogoBasquete_PBL01/mux16pra4.v Line: 1
Info (12021): Found 1 design units, including 1 entities, in source file main.v
    Info (12023): Found entity 1: main File: C:/Users/silas/Documents/Quartus/Circuitos_Digitais_PlacarJogoBasquete_PBL01/main.v Line: 1
Info (12021): Found 1 design units, including 1 entities, in source file clockdivider.v
    Info (12023): Found entity 1: clockDivider File: C:/Users/silas/Documents/Quartus/Circuitos_Digitais_PlacarJogoBasquete_PBL01/clockDivider.v Line: 1
Info (12021): Found 1 design units, including 1 entities, in source file cronometroregressivo.v
    Info (12023): Found entity 1: cronometroRegressivo File: C:/Users/silas/Documents/Quartus/Circuitos_Digitais_PlacarJogoBasquete_PBL01/cronometroRegressivo.v Line: 1
Info (12021): Found 1 design units, including 1 entities, in source file clockdivider50mhzto1hz.v
    Info (12023): Found entity 1: clockDivider50mhzTo1hz File: C:/Users/silas/Documents/Quartus/Circuitos_Digitais_PlacarJogoBasquete_PBL01/clockDivider50mhzTo1hz.v Line: 1
Info (12021): Found 1 design units, including 1 entities, in source file controlecronometro.v
    Info (12023): Found entity 1: controleCronometro File: C:/Users/silas/Documents/Quartus/Circuitos_Digitais_PlacarJogoBasquete_PBL01/controleCronometro.v Line: 1
Info (12021): Found 1 design units, including 1 entities, in source file muxcronometroplacar.v
    Info (12023): Found entity 1: muxCronometroPlacar File: C:/Users/silas/Documents/Quartus/Circuitos_Digitais_PlacarJogoBasquete_PBL01/muxCronometroPlacar.v Line: 1
Info (12021): Found 1 design units, including 1 entities, in source file cronometroteste.v
    Info (12023): Found entity 1: cronometroTeste File: C:/Users/silas/Documents/Quartus/Circuitos_Digitais_PlacarJogoBasquete_PBL01/cronometroTeste.v Line: 1
Warning (10236): Verilog HDL Implicit Net warning at somadorSubtrator7bts.v(8): created implicit net for "x" File: C:/Users/silas/Documents/Quartus/Circuitos_Digitais_PlacarJogoBasquete_PBL01/somadorSubtrator7bts.v Line: 8
Info (12127): Elaborating entity "cronometroTeste" for the top level hierarchy
Warning (10036): Verilog HDL or VHDL warning at cronometroTeste.v(20): object "entrada24" assigned a value but never read File: C:/Users/silas/Documents/Quartus/Circuitos_Digitais_PlacarJogoBasquete_PBL01/cronometroTeste.v Line: 20
Info (12128): Elaborating entity "clockDivider50mhzTo1hz" for hierarchy "clockDivider50mhzTo1hz:clock1hzz" File: C:/Users/silas/Documents/Quartus/Circuitos_Digitais_PlacarJogoBasquete_PBL01/cronometroTeste.v Line: 26
Warning (10230): Verilog HDL assignment warning at clockDivider50mhzTo1hz.v(21): truncated value with size 32 to match size of target (25) File: C:/Users/silas/Documents/Quartus/Circuitos_Digitais_PlacarJogoBasquete_PBL01/clockDivider50mhzTo1hz.v Line: 21
Info (12128): Elaborating entity "clockDivider" for hierarchy "clockDivider:divisorDeClock" File: C:/Users/silas/Documents/Quartus/Circuitos_Digitais_PlacarJogoBasquete_PBL01/cronometroTeste.v Line: 28
Warning (10230): Verilog HDL assignment warning at clockDivider.v(28): truncated value with size 32 to match size of target (26) File: C:/Users/silas/Documents/Quartus/Circuitos_Digitais_PlacarJogoBasquete_PBL01/clockDivider.v Line: 28
Warning (10034): Output port "frequencias[4]" at clockDivider.v(7) has no driver File: C:/Users/silas/Documents/Quartus/Circuitos_Digitais_PlacarJogoBasquete_PBL01/clockDivider.v Line: 7
Info (12128): Elaborating entity "cronometroRegressivo" for hierarchy "cronometroRegressivo:Cronometro" File: C:/Users/silas/Documents/Quartus/Circuitos_Digitais_PlacarJogoBasquete_PBL01/cronometroTeste.v Line: 32
Warning (10230): Verilog HDL assignment warning at cronometroRegressivo.v(25): truncated value with size 32 to match size of target (5) File: C:/Users/silas/Documents/Quartus/Circuitos_Digitais_PlacarJogoBasquete_PBL01/cronometroRegressivo.v Line: 25
Info (12128): Elaborating entity "conversorBinarioBcd" for hierarchy "conversorBinarioBcd:bin_bcd" File: C:/Users/silas/Documents/Quartus/Circuitos_Digitais_PlacarJogoBasquete_PBL01/cronometroTeste.v Line: 34
Info (12128): Elaborating entity "mux16pra4" for hierarchy "mux16pra4:escolherDisplay" File: C:/Users/silas/Documents/Quartus/Circuitos_Digitais_PlacarJogoBasquete_PBL01/cronometroTeste.v Line: 36
Info (12128): Elaborating entity "mux8pra4" for hierarchy "mux8pra4:digitoMostrarDisplay" File: C:/Users/silas/Documents/Quartus/Circuitos_Digitais_PlacarJogoBasquete_PBL01/cronometroTeste.v Line: 38
Info (12128): Elaborating entity "decod7segs" for hierarchy "decod7segs:decodificador7segs" File: C:/Users/silas/Documents/Quartus/Circuitos_Digitais_PlacarJogoBasquete_PBL01/cronometroTeste.v Line: 40
Warning (12241): 2 hierarchies have connectivity warnings - see the Connectivity Checks report folder
Warning (13024): Output pins are stuck at VCC or GND
    Warning (13410): Pin "escolhaDisplay[0]" is stuck at VCC File: C:/Users/silas/Documents/Quartus/Circuitos_Digitais_PlacarJogoBasquete_PBL01/cronometroTeste.v Line: 14
    Warning (13410): Pin "escolhaDisplay[1]" is stuck at VCC File: C:/Users/silas/Documents/Quartus/Circuitos_Digitais_PlacarJogoBasquete_PBL01/cronometroTeste.v Line: 14
Info (21057): Implemented 68 device resources after synthesis - the final resource count might be different
    Info (21058): Implemented 1 input pins
    Info (21059): Implemented 12 output pins
    Info (21061): Implemented 55 logic cells
Info: Quartus Prime Analysis & Synthesis was successful. 0 errors, 11 warnings
    Info: Peak virtual memory: 4704 megabytes
    Info: Processing ended: Wed May 04 12:27:02 2022
    Info: Elapsed time: 00:00:11
    Info: Total CPU time (on all processors): 00:00:21


